2022-08-24 18:51:13.640  INFO 18556 --- [restartedMain] c.b.e.EmployeePayRollServiceApplication  : Starting EmployeePayRollServiceApplication using Java 11.0.16 on DESKTOP-BC3TFAD with PID 18556 (C:\Users\rajeg\IdeaProjects\EmployeePayRollService\target\classes started by rajeg in C:\Users\rajeg\IdeaProjects\EmployeePayRollService)
2022-08-24 18:51:13.655 DEBUG 18556 --- [restartedMain] c.b.e.EmployeePayRollServiceApplication  : Running with Spring Boot v2.7.3, Spring v5.3.22
2022-08-24 18:51:13.657  INFO 18556 --- [restartedMain] c.b.e.EmployeePayRollServiceApplication  : No active profile set, falling back to 1 default profile: "default"
2022-08-24 18:51:21.428  WARN 18556 --- [restartedMain] JpaBaseConfiguration$JpaWebConfiguration : spring.jpa.open-in-view is enabled by default. Therefore, database queries may be performed during view rendering. Explicitly configure spring.jpa.open-in-view to disable this warning
2022-08-24 18:51:22.030  INFO 18556 --- [restartedMain] c.b.e.EmployeePayRollServiceApplication  : Started EmployeePayRollServiceApplication in 9.305 seconds (JVM running for 11.354)
2022-08-24 18:51:22.035  INFO 18556 --- [restartedMain] c.b.e.EmployeePayRollServiceApplication  : Employee payroll Started in envornmet
2022-08-24 18:51:22.036  INFO 18556 --- [restartedMain] c.b.e.EmployeePayRollServiceApplication  : Employee Payroll DB User name is 
2022-08-24 18:55:56.273  INFO 6696 --- [restartedMain] c.b.e.EmployeePayRollServiceApplication  : Starting EmployeePayRollServiceApplication using Java 11.0.16 on DESKTOP-BC3TFAD with PID 6696 (C:\Users\rajeg\IdeaProjects\EmployeePayRollService\target\classes started by rajeg in C:\Users\rajeg\IdeaProjects\EmployeePayRollService)
2022-08-24 18:55:56.276 DEBUG 6696 --- [restartedMain] c.b.e.EmployeePayRollServiceApplication  : Running with Spring Boot v2.7.3, Spring v5.3.22
2022-08-24 18:55:56.277  INFO 6696 --- [restartedMain] c.b.e.EmployeePayRollServiceApplication  : No active profile set, falling back to 1 default profile: "default"
2022-08-24 18:56:00.444  WARN 6696 --- [restartedMain] JpaBaseConfiguration$JpaWebConfiguration : spring.jpa.open-in-view is enabled by default. Therefore, database queries may be performed during view rendering. Explicitly configure spring.jpa.open-in-view to disable this warning
2022-08-24 18:56:00.969  INFO 6696 --- [restartedMain] c.b.e.EmployeePayRollServiceApplication  : Started EmployeePayRollServiceApplication in 5.462 seconds (JVM running for 7.126)
2022-08-24 18:56:00.974  INFO 6696 --- [restartedMain] c.b.e.EmployeePayRollServiceApplication  : Employee payroll Started in environment
2022-08-24 18:56:00.976  INFO 6696 --- [restartedMain] c.b.e.EmployeePayRollServiceApplication  : Employee Payroll DB User name is 
2022-08-24 18:58:22.305  INFO 6696 --- [restartedMain] c.b.e.EmployeePayRollServiceApplication  : Starting EmployeePayRollServiceApplication using Java 11.0.16 on DESKTOP-BC3TFAD with PID 6696 (C:\Users\rajeg\IdeaProjects\EmployeePayRollService\target\classes started by rajeg in C:\Users\rajeg\IdeaProjects\EmployeePayRollService)
2022-08-24 18:58:22.306 DEBUG 6696 --- [restartedMain] c.b.e.EmployeePayRollServiceApplication  : Running with Spring Boot v2.7.3, Spring v5.3.22
2022-08-24 18:58:22.306  INFO 6696 --- [restartedMain] c.b.e.EmployeePayRollServiceApplication  : No active profile set, falling back to 1 default profile: "default"
2022-08-24 18:58:23.134  WARN 6696 --- [restartedMain] JpaBaseConfiguration$JpaWebConfiguration : spring.jpa.open-in-view is enabled by default. Therefore, database queries may be performed during view rendering. Explicitly configure spring.jpa.open-in-view to disable this warning
2022-08-24 18:58:23.346  INFO 6696 --- [restartedMain] c.b.e.EmployeePayRollServiceApplication  : Started EmployeePayRollServiceApplication in 1.107 seconds (JVM running for 149.505)
2022-08-24 18:58:23.350  INFO 6696 --- [restartedMain] c.b.e.EmployeePayRollServiceApplication  : Employee payroll Started in environment
2022-08-24 18:58:23.351  INFO 6696 --- [restartedMain] c.b.e.EmployeePayRollServiceApplication  : Employee Payroll DB User name is 
2022-08-24 18:58:27.123  INFO 6696 --- [restartedMain] c.b.e.EmployeePayRollServiceApplication  : Starting EmployeePayRollServiceApplication using Java 11.0.16 on DESKTOP-BC3TFAD with PID 6696 (C:\Users\rajeg\IdeaProjects\EmployeePayRollService\target\classes started by rajeg in C:\Users\rajeg\IdeaProjects\EmployeePayRollService)
2022-08-24 18:58:27.124 DEBUG 6696 --- [restartedMain] c.b.e.EmployeePayRollServiceApplication  : Running with Spring Boot v2.7.3, Spring v5.3.22
2022-08-24 18:58:27.125  INFO 6696 --- [restartedMain] c.b.e.EmployeePayRollServiceApplication  : No active profile set, falling back to 1 default profile: "default"
2022-08-24 18:58:27.781  WARN 6696 --- [restartedMain] JpaBaseConfiguration$JpaWebConfiguration : spring.jpa.open-in-view is enabled by default. Therefore, database queries may be performed during view rendering. Explicitly configure spring.jpa.open-in-view to disable this warning
2022-08-24 18:58:27.930  INFO 6696 --- [restartedMain] c.b.e.EmployeePayRollServiceApplication  : Started EmployeePayRollServiceApplication in 0.858 seconds (JVM running for 154.087)
2022-08-24 18:58:27.933  INFO 6696 --- [restartedMain] c.b.e.EmployeePayRollServiceApplication  : Employee payroll Started in environment
2022-08-24 18:58:27.933  INFO 6696 --- [restartedMain] c.b.e.EmployeePayRollServiceApplication  : Employee Payroll DB User name is 
2022-08-24 18:58:42.602  INFO 18336 --- [restartedMain] c.b.e.EmployeePayRollServiceApplication  : Starting EmployeePayRollServiceApplication using Java 11.0.16 on DESKTOP-BC3TFAD with PID 18336 (C:\Users\rajeg\IdeaProjects\EmployeePayRollService\target\classes started by rajeg in C:\Users\rajeg\IdeaProjects\EmployeePayRollService)
2022-08-24 18:58:42.605 DEBUG 18336 --- [restartedMain] c.b.e.EmployeePayRollServiceApplication  : Running with Spring Boot v2.7.3, Spring v5.3.22
2022-08-24 18:58:42.606  INFO 18336 --- [restartedMain] c.b.e.EmployeePayRollServiceApplication  : No active profile set, falling back to 1 default profile: "default"
2022-08-24 18:58:46.238  WARN 18336 --- [restartedMain] JpaBaseConfiguration$JpaWebConfiguration : spring.jpa.open-in-view is enabled by default. Therefore, database queries may be performed during view rendering. Explicitly configure spring.jpa.open-in-view to disable this warning
2022-08-24 18:58:46.715  INFO 18336 --- [restartedMain] c.b.e.EmployeePayRollServiceApplication  : Started EmployeePayRollServiceApplication in 4.874 seconds (JVM running for 6.586)
2022-08-24 18:58:46.720  INFO 18336 --- [restartedMain] c.b.e.EmployeePayRollServiceApplication  : Employee payroll Started in environment
2022-08-24 18:58:46.721  INFO 18336 --- [restartedMain] c.b.e.EmployeePayRollServiceApplication  : Employee Payroll DB User name is 
2022-08-24 19:00:36.282  INFO 14124 --- [restartedMain] c.b.e.EmployeePayRollServiceApplication  : Starting EmployeePayRollServiceApplication using Java 11.0.16 on DESKTOP-BC3TFAD with PID 14124 (C:\Users\rajeg\IdeaProjects\EmployeePayRollService\target\classes started by rajeg in C:\Users\rajeg\IdeaProjects\EmployeePayRollService)
2022-08-24 19:00:36.285 DEBUG 14124 --- [restartedMain] c.b.e.EmployeePayRollServiceApplication  : Running with Spring Boot v2.7.3, Spring v5.3.22
2022-08-24 19:00:36.286  INFO 14124 --- [restartedMain] c.b.e.EmployeePayRollServiceApplication  : No active profile set, falling back to 1 default profile: "default"
2022-08-24 19:00:39.964  WARN 14124 --- [restartedMain] JpaBaseConfiguration$JpaWebConfiguration : spring.jpa.open-in-view is enabled by default. Therefore, database queries may be performed during view rendering. Explicitly configure spring.jpa.open-in-view to disable this warning
2022-08-24 19:00:40.402  INFO 14124 --- [restartedMain] c.b.e.EmployeePayRollServiceApplication  : Started EmployeePayRollServiceApplication in 4.935 seconds (JVM running for 6.637)
2022-08-24 19:00:40.407  INFO 14124 --- [restartedMain] c.b.e.EmployeePayRollServiceApplication  : Employee payroll Started in COMMON environment
2022-08-24 19:00:40.409  INFO 14124 --- [restartedMain] c.b.e.EmployeePayRollServiceApplication  : Employee Payroll DB User name is 
2022-08-24 19:01:14.301  INFO 868 --- [restartedMain] c.b.e.EmployeePayRollServiceApplication  : Starting EmployeePayRollServiceApplication using Java 11.0.16 on DESKTOP-BC3TFAD with PID 868 (C:\Users\rajeg\IdeaProjects\EmployeePayRollService\target\classes started by rajeg in C:\Users\rajeg\IdeaProjects\EmployeePayRollService)
2022-08-24 19:01:14.304 DEBUG 868 --- [restartedMain] c.b.e.EmployeePayRollServiceApplication  : Running with Spring Boot v2.7.3, Spring v5.3.22
2022-08-24 19:01:14.305  INFO 868 --- [restartedMain] c.b.e.EmployeePayRollServiceApplication  : No active profile set, falling back to 1 default profile: "default"
2022-08-24 19:01:17.763  WARN 868 --- [restartedMain] JpaBaseConfiguration$JpaWebConfiguration : spring.jpa.open-in-view is enabled by default. Therefore, database queries may be performed during view rendering. Explicitly configure spring.jpa.open-in-view to disable this warning
2022-08-24 19:01:18.218  INFO 868 --- [restartedMain] c.b.e.EmployeePayRollServiceApplication  : Started EmployeePayRollServiceApplication in 4.677 seconds (JVM running for 6.32)
2022-08-24 19:01:18.223  INFO 868 --- [restartedMain] c.b.e.EmployeePayRollServiceApplication  : Employee payroll Started in COMMON environment
2022-08-24 19:01:18.225  INFO 868 --- [restartedMain] c.b.e.EmployeePayRollServiceApplication  : Employee Payroll DB User name is root 
